<?xml version="1.0" encoding="UTF-8"?>
<testsuite name="com.learnreactiveprogramming.service.FluxAndMonoGeneratorServiceTest" tests="1" skipped="0" failures="0" errors="0" timestamp="2024-09-11T17:01:40" hostname="Vaishnavis-Air.attlocal.net" time="0.103">
  <properties/>
  <testcase name="namesFlux_flatmap()" classname="com.learnreactiveprogramming.service.FluxAndMonoGeneratorServiceTest" time="0.103"/>
  <system-out><![CDATA[13:01:40.328 [Test worker] DEBUG reactor.util.Loggers$LoggerFactory - Using Slf4j logging framework
13:01:40.352 [Test worker] INFO reactor.Flux.FlatMap.1 - onSubscribe(FluxFlatMap.FlatMapMain)
13:01:40.355 [Test worker] INFO reactor.Flux.FlatMap.1 - request(unbounded)
13:01:40.358 [Test worker] INFO reactor.Flux.FlatMap.1 - onNext(A)
13:01:40.358 [Test worker] INFO reactor.Flux.FlatMap.1 - onNext(L)
13:01:40.358 [Test worker] INFO reactor.Flux.FlatMap.1 - onNext(E)
13:01:40.358 [Test worker] INFO reactor.Flux.FlatMap.1 - onNext(X)
13:01:40.358 [Test worker] INFO reactor.Flux.FlatMap.1 - onNext(C)
13:01:40.359 [Test worker] INFO reactor.Flux.FlatMap.1 - onNext(H)
13:01:40.359 [Test worker] INFO reactor.Flux.FlatMap.1 - onNext(L)
13:01:40.359 [Test worker] INFO reactor.Flux.FlatMap.1 - onNext(O)
13:01:40.359 [Test worker] INFO reactor.Flux.FlatMap.1 - onNext(E)
13:01:40.359 [Test worker] INFO reactor.Flux.FlatMap.1 - onComplete()
]]></system-out>
  <system-err><![CDATA[]]></system-err>
</testsuite>
